<?xml version="1.0" encoding="UTF-8"?>
<!-- Generated by org.testng.reporters.JUnitXMLReporter -->
<testsuite ignored="0" hostname="SakshiBhavsar" failures="0" tests="3" name="Default test" time="4.956" errors="0" timestamp="2023-09-05T21:16:08 IST">
  <testcase classname="RABasic.DynamicJson" name="addBook" time="4.422"/>
  <testcase classname="RABasic.DynamicJson" name="addBook" time="0.208"/>
  <testcase classname="RABasic.DynamicJson" name="addBook" time="0.212"/>
</testsuite> <!-- Default test -->
