<?xml version="1.0" encoding="UTF-8"?>
<testng-results ignored="0" total="3" passed="3" failed="0" skipped="0">
  <reporter-output>
  </reporter-output>
  <suite started-at="2023-09-05T21:16:03 IST" name="Default suite" finished-at="2023-09-05T21:16:08 IST" duration-ms="4956">
    <groups>
    </groups>
    <test started-at="2023-09-05T21:16:03 IST" name="Default test" finished-at="2023-09-05T21:16:08 IST" duration-ms="4956">
      <class name="RABasic.DynamicJson">
        <test-method signature="addBook(java.lang.String,java.lang.String)[pri:0, instance:RABasic.DynamicJson@618425b5]" started-at="2023-09-05T21:16:03 IST" name="addBook" data-provider="BookData" finished-at="2023-09-05T21:16:08 IST" duration-ms="4422" status="PASS">
          <params>
            <param index="0">
              <value>
                <![CDATA[adfs]]>
              </value>
            </param>
            <param index="1">
              <value>
                <![CDATA[6364]]>
              </value>
            </param>
          </params>
          <reporter-output>
          </reporter-output>
        </test-method> <!-- addBook -->
        <test-method signature="addBook(java.lang.String,java.lang.String)[pri:0, instance:RABasic.DynamicJson@618425b5]" started-at="2023-09-05T21:16:08 IST" name="addBook" data-provider="BookData" finished-at="2023-09-05T21:16:08 IST" duration-ms="208" status="PASS">
          <params>
            <param index="0">
              <value>
                <![CDATA[abfs]]>
              </value>
            </param>
            <param index="1">
              <value>
                <![CDATA[6361]]>
              </value>
            </param>
          </params>
          <reporter-output>
          </reporter-output>
        </test-method> <!-- addBook -->
        <test-method signature="addBook(java.lang.String,java.lang.String)[pri:0, instance:RABasic.DynamicJson@618425b5]" started-at="2023-09-05T21:16:08 IST" name="addBook" data-provider="BookData" finished-at="2023-09-05T21:16:08 IST" duration-ms="212" status="PASS">
          <params>
            <param index="0">
              <value>
                <![CDATA[acfs]]>
              </value>
            </param>
            <param index="1">
              <value>
                <![CDATA[6264]]>
              </value>
            </param>
          </params>
          <reporter-output>
          </reporter-output>
        </test-method> <!-- addBook -->
      </class> <!-- RABasic.DynamicJson -->
    </test> <!-- Default test -->
  </suite> <!-- Default suite -->
</testng-results>
